Diagnose log at 2025-10-30T21:26:45Z

AppPath: C:\Program Files\Git\mingw64\bin\git-credential-manager.exe
InstallDir: C:\Program Files\Git\mingw64\bin\
Version: 2.6.1+786ab03440ddc82e807a97c0e540f5247e44cec6

------------
Diagnostic: Environment
Skipped: False
Success: True
Exception: None
Log:
OSType: Windows
OSVersion: 10.0 (build 19045)
Reading environment variables... OK
 Variables:
HOMEPATH=\Users\thib
DriverData=C:\Windows\System32\Drivers\DriverData
COMPUTERNAME=DESKTOP-NRPVR4Q
GIT_TRACE2_PARENT_SID=98ec3c29-c11b-4e65-a1a1-bd629916eb85
CommonProgramFiles(x86)=C:\Program Files (x86)\Common Files
OneDrive=C:\Users\thib\OneDrive
PYTHON_BASIC_REPL=1
BUNDLED_DEBUGPY_PATH=c:\Users\thib\.windsurf\extensions\ms-python.debugpy-2025.14.1-win32-x64\bundled\libs\debugpy
TMP=C:\Users\thib\AppData\Local\Temp
HOME=C:\Users\thib
PROCESSOR_REVISION=2102
PYDEVD_DISABLE_FILE_VALIDATION=1
PATHEXT=.COM;.EXE;.BAT;.CMD;.VBS;.VBE;.JS;.JSE;.WSF;.WSH;.MSC;.CPL
GIT_ASKPASS=c:\Users\thib\AppData\Local\Programs\Windsurf\resources\app\extensions\git\dist\askpass.sh
GIT_EXEC_PATH=C:/Program Files/Git/mingw64/libexec/git-core
TEMP=C:\Users\thib\AppData\Local\Temp
LOCALAPPDATA=C:\Users\thib\AppData\Local
MSYSTEM=MINGW64
TERM=xterm-256color
VBOX_HWVIRTEX_IGNORE_SVM_IN_USE=1
PYTHONSTARTUP=c:\Users\thib\AppData\Roaming\Windsurf\User\workspaceStorage\039ab1fb4a87740ed559383d245a5751\ms-python.python\pythonrc.py
USERDOMAIN=DESKTOP-NRPVR4Q
ProgramFiles(x86)=C:\Program Files (x86)
Path=C:/Program Files/Git/mingw64/libexec/git-core;C:\Program Files\Git\mingw64\bin;C:\Program Files\Git\usr\bin;C:\Users\thib\bin;C:\Program Files (x86)\Common Files\Oracle\Java\java8path;C:\Program Files (x86)\Common Files\Oracle\Java\javapath;C:\Windows\system32;C:\Windows;C:\Windows\System32\Wbem;C:\Windows\System32\WindowsPowerShell\v1.0\;C:\Windows\System32\OpenSSH\;C:\Program Files\NVIDIA Corporation\NVIDIA app\NvDLISR;C:\Program Files (x86)\NVIDIA Corporation\PhysX\Common;C:\Program Files\Git\cmd;C:\Windows\system32\config\systemprofile\AppData\Local\Muse Hub\lib;C:\Program Files\dotnet\;C:\Program Files (x86)\Windows Kits\10\Windows Performance Toolkit\;C:\Users\thib\AppData\Local\nvm;C:\nvm4w\nodejs;C:\Program Files\nodejs\;C:\Users\thib\AppData\Local\Programs\Python\Python311\Scripts\;C:\Users\thib\AppData\Local\Programs\Python\Python311\;C:\Users\thib\AppData\Local\Programs\Python\Python310\Scripts\;C:\Users\thib\AppData\Local\Programs\Python\Python310\;C:\Users\thib\AppData\Local\Microsoft\WindowsApps;C:\Users\thib\AppData\Local\Programs\Windsurf\bin;C:\Windows\Sqlite;C:\Users\thib\.dotnet\tools;C:\flutter\bin;C:\Users\thib\AppData\Local\Programs\Microsoft VS Code\bin;C:\Users\thib\AppData\Local\nvm;C:\nvm4w\nodejs;C:\Users\thib\AppData\Roaming\npm;c:\Users\thib\.windsurf\extensions\ms-python.debugpy-2025.14.1-win32-x64\bundled\scripts\noConfigScripts
JD2_HOME=C:\Users\thib\AppData\Local\JDownloader 2
TERM_PROGRAM=vscode
PROCESSOR_LEVEL=25
PROCESSOR_IDENTIFIER=AMD64 Family 25 Model 33 Stepping 2, AuthenticAMD
TMPDIR=C:\Users\thib\AppData\Local\Temp
VSCODE_GIT_ASKPASS_EXTRA_ARGS=
TERM_PROGRAM_VERSION=1.100.3
VSCODE_GIT_ASKPASS_MAIN=c:\Users\thib\AppData\Local\Programs\Windsurf\resources\app\extensions\git\dist\askpass-main.js
PSModulePath=C:\Users\thib\Documents\WindowsPowerShell\Modules;C:\Program Files\WindowsPowerShell\Modules;C:\Windows\system32\WindowsPowerShell\v1.0\Modules
PUBLIC=C:\Users\Public
NUMBER_OF_PROCESSORS=16
FPS_BROWSER_USER_PROFILE_STRING=Default
CommonProgramFiles=C:\Program Files (x86)\Common Files
VSCODE_INJECTION=1
VSCODE_DEBUGPY_ADAPTER_ENDPOINTS=c:\Users\thib\.windsurf\extensions\ms-python.debugpy-2025.14.1-win32-x64\.noConfigDebugAdapterEndpoints\endpoint-b0d5d9e04135b9eb.txt
VSCODE_GIT_IPC_HANDLE=\\.\pipe\vscode-git-6bf1972f16-sock
CHROME_CRASHPAD_PIPE_NAME=\\.\pipe\crashpad_2948_RZNKLFNWFHNEKPCX
PAGER=cat
PLINK_PROTOCOL=ssh
ProgramData=C:\ProgramData
ProgramW6432=C:\Program Files
GIT_PAGER=cat
ProgramFiles=C:\Program Files (x86)
VSCODE_GIT_ASKPASS_NODE=C:\Users\thib\AppData\Local\Programs\Windsurf\Windsurf.exe
SystemRoot=C:\Windows
NVM_SYMLINK=C:\nvm4w\nodejs
NVM_HOME=C:\Users\thib\AppData\Local\nvm
ORIGINAL_XDG_CURRENT_DESKTOP=undefined
SESSIONNAME=Console
CommonProgramW6432=C:\Program Files\Common Files
LOGONSERVER=\\DESKTOP-NRPVR4Q
USERPROFILE=C:\Users\thib
COLORTERM=truecolor
USERDOMAIN_ROAMINGPROFILE=DESKTOP-NRPVR4Q
APPDATA=C:\Users\thib\AppData\Roaming
HOMEDRIVE=C:
USERNAME=thib
PROCESSOR_ARCHITEW6432=AMD64
FPS_BROWSER_APP_PROFILE_STRING=Internet Explorer
PROCESSOR_ARCHITECTURE=x86
OS=Windows_NT
ComSpec=C:\Windows\system32\cmd.exe
SystemDrive=C:
windir=C:\Windows
LANG=en_US.UTF-8
ALLUSERSPROFILE=C:\ProgramData


------------
Diagnostic: File system
Skipped: False
Success: True
Exception: None
Log:
Temporary directory is 'C:\Users\thib\AppData\Local\Temp\'...
Checking basic file I/O...
Writing to temporary file 'C:\Users\thib\AppData\Local\Temp\8ce24126a5f9f7270c611f84'... OK
Reading from temporary file 'C:\Users\thib\AppData\Local\Temp\8ce24126a5f9f7270c611f84'... OK
Deleting temporary file 'C:\Users\thib\AppData\Local\Temp\8ce24126a5f9f7270c611f84'... OK
Testing IFileSystem instance...
UserHomePath: C:\Users\thib
UserDataDirectoryPath: C:\Users\thib\.gcm
GetCurrentDirectory(): C:\Users\thib\Desktop\applificvhe cuisine

------------
Diagnostic: Networking
Skipped: False
Success: True
Exception: None
Log:
Checking networking and HTTP stack...
Creating HTTP client... OK
IsNetworkAvailable: True
Sending HEAD request to http://example.com...Sending HEAD request to https://example.com... OK
 OK
Acquiring free TCP port... OK
Testing local HTTP loopback connections...
Creating new HTTP listener for http://localhost:57228/... OK
Waiting for loopback connection... OK
Writing response... OK
Waiting for response data... OK
Loopback connection data OK

------------
Diagnostic: Git
Skipped: False
Success: True
Exception: None
Log:
Getting Git version... OK
Git version is '2.50.1.windows.1'
Locating current repository...Git repository at 'C:/Users/thib/Desktop/applificvhe cuisine/.git'
 OK
Listing all Git configuration... OK
Git configuration:
file:C:/Program Files/Git/etc/gitconfig	diff.astextplain.textconv=astextplain
file:C:/Program Files/Git/etc/gitconfig	filter.lfs.clean=git-lfs clean -- %f
file:C:/Program Files/Git/etc/gitconfig	filter.lfs.smudge=git-lfs smudge -- %f
file:C:/Program Files/Git/etc/gitconfig	filter.lfs.process=git-lfs filter-process
file:C:/Program Files/Git/etc/gitconfig	filter.lfs.required=true
file:C:/Program Files/Git/etc/gitconfig	http.sslbackend=schannel
file:C:/Program Files/Git/etc/gitconfig	core.autocrlf=true
file:C:/Program Files/Git/etc/gitconfig	core.fscache=true
file:C:/Program Files/Git/etc/gitconfig	core.symlinks=false
file:C:/Program Files/Git/etc/gitconfig	pull.rebase=false
file:C:/Program Files/Git/etc/gitconfig	credential.helper=manager
file:C:/Program Files/Git/etc/gitconfig	credential.https://dev.azure.com.usehttppath=true
file:C:/Program Files/Git/etc/gitconfig	init.defaultbranch=master
file:C:/Users/thib/.gitconfig	user.name=thibaut
file:C:/Users/thib/.gitconfig	user.email=thibaut.dieu@gmail.com
file:C:/Users/thib/.gitconfig	credential.helper=
file:C:/Users/thib/.gitconfig	credential.helper=C:/Program\ Files/Git/mingw64/bin/git-credential-manager.exe
file:.git/config	core.repositoryformatversion=0
file:.git/config	core.filemode=false
file:.git/config	core.bare=false
file:.git/config	core.logallrefupdates=true
file:.git/config	core.symlinks=false
file:.git/config	core.ignorecase=true
file:.git/config	remote.origin.url=https://github.com/jeanjaen0221-bot/menu-cuisine-app.git
file:.git/config	remote.origin.fetch=+refs/heads/*:refs/remotes/origin/*
file:.git/config	branch.main.vscode-merge-base=origin/main


------------
Diagnostic: Credential storage
Skipped: False
Success: True
Exception: None
Log:
ICredentialStore instance is of type: CredentialStore
Writing test credential... OK
Reading test credential... OK
Deleting test credential... OK

------------
Diagnostic: Microsoft authentication (AAD/MSA)
Skipped: False
Success: True
Exception: None
Log:
Broker is not enabled.
Flow type is: Auto
Gathering MSAL token cache data... OK
CacheDirectory: C:\Users\thib\AppData\Local\.IdentityService
CacheFileName: msal.cache
CacheFilePath: C:\Users\thib\AppData\Local\.IdentityService\msal.cache
Creating cache helper... OK
Verifying MSAL token cache persistence... OK

------------
Diagnostic: GitHub API
Skipped: False
Success: True
Exception: None
Log:
Using 'https://github.com/' as API target.
Querying '/meta' endpoint... OK

